0 info it worked if it ends with ok
1 verbose cli [ '/usr/bin/node',
1 verbose cli   '/usr/bin/npm',
1 verbose cli   'install',
1 verbose cli   '-g',
1 verbose cli   'angular-spec-generator' ]
2 info using npm@3.5.2
3 info using node@v8.10.0
4 silly loadCurrentTree Starting
5 silly install loadCurrentTree
6 silly install readGlobalPackageData
7 silly fetchPackageMetaData angular-spec-generator
8 silly fetchNamedPackageData angular-spec-generator
9 silly mapToRegistry name angular-spec-generator
10 silly mapToRegistry using default registry
11 silly mapToRegistry registry https://registry.npmjs.org/
12 silly mapToRegistry uri https://registry.npmjs.org/angular-spec-generator
13 verbose request uri https://registry.npmjs.org/angular-spec-generator
14 verbose request no auth needed
15 info attempt registry request try #1 at 12:06:30
16 verbose request id 8ece091f9736808a
17 http request GET https://registry.npmjs.org/angular-spec-generator
18 http 200 https://registry.npmjs.org/angular-spec-generator
19 verbose headers { date: 'Mon, 14 Jan 2019 10:06:32 GMT',
19 verbose headers   'content-type': 'application/json; charset=UTF-8',
19 verbose headers   'transfer-encoding': 'chunked',
19 verbose headers   connection: 'keep-alive',
19 verbose headers   'set-cookie':
19 verbose headers    [ '__cfduid=df9c518b727d540f6afc248748a2c1dfb1547460392; expires=Tue, 14-Jan-20 10:06:32 GMT; path=/; domain=.registry.npmjs.org; HttpOnly' ],
19 verbose headers   'cf-cache-status': 'MISS',
19 verbose headers   'cache-control': 'max-age=300',
19 verbose headers   'cf-ray': '498f4a5a09629762-FRA',
19 verbose headers   etag: 'W/"8a5e93fb5ad48eddd984796e6b67f381"',
19 verbose headers   'expect-ct': 'max-age=604800, report-uri="https://report-uri.cloudflare.com/cdn-cgi/beacon/expect-ct"',
19 verbose headers   'last-modified': 'Sat, 26 May 2018 16:47:09 GMT',
19 verbose headers   vary: 'accept-encoding, accept',
19 verbose headers   server: 'cloudflare',
19 verbose headers   'content-encoding': 'gzip' }
20 silly get cb [ 200,
20 silly get   { date: 'Mon, 14 Jan 2019 10:06:32 GMT',
20 silly get     'content-type': 'application/json; charset=UTF-8',
20 silly get     'transfer-encoding': 'chunked',
20 silly get     connection: 'keep-alive',
20 silly get     'set-cookie':
20 silly get      [ '__cfduid=df9c518b727d540f6afc248748a2c1dfb1547460392; expires=Tue, 14-Jan-20 10:06:32 GMT; path=/; domain=.registry.npmjs.org; HttpOnly' ],
20 silly get     'cf-cache-status': 'MISS',
20 silly get     'cache-control': 'max-age=300',
20 silly get     'cf-ray': '498f4a5a09629762-FRA',
20 silly get     etag: 'W/"8a5e93fb5ad48eddd984796e6b67f381"',
20 silly get     'expect-ct': 'max-age=604800, report-uri="https://report-uri.cloudflare.com/cdn-cgi/beacon/expect-ct"',
20 silly get     'last-modified': 'Sat, 26 May 2018 16:47:09 GMT',
20 silly get     vary: 'accept-encoding, accept',
20 silly get     server: 'cloudflare',
20 silly get     'content-encoding': 'gzip' } ]
21 verbose get saving angular-spec-generator to /home/anton/.npm/registry.npmjs.org/angular-spec-generator/.cache.json
22 silly install normalizeTree
23 silly loadCurrentTree Finishing
24 silly loadIdealTree Starting
25 silly install loadIdealTree
26 silly cloneCurrentTree Starting
27 silly install cloneCurrentTreeToIdealTree
28 silly cloneCurrentTree Finishing
29 silly loadShrinkwrap Starting
30 silly install loadShrinkwrap
31 silly loadShrinkwrap Finishing
32 silly loadAllDepsIntoIdealTree Starting
33 silly install loadAllDepsIntoIdealTree
34 silly resolveWithNewModule angular-spec-generator@1.0.1 checking installable status
35 silly cache add args [ 'angular-spec-generator', null ]
36 verbose cache add spec angular-spec-generator
37 silly cache add parsed spec Result {
37 silly cache add   raw: 'angular-spec-generator',
37 silly cache add   scope: null,
37 silly cache add   name: 'angular-spec-generator',
37 silly cache add   rawSpec: '',
37 silly cache add   spec: 'latest',
37 silly cache add   type: 'tag' }
38 silly addNamed angular-spec-generator@latest
39 verbose addNamed "latest" is being treated as a dist-tag for angular-spec-generator
40 info addNameTag [ 'angular-spec-generator', 'latest' ]
41 silly mapToRegistry name angular-spec-generator
42 silly mapToRegistry using default registry
43 silly mapToRegistry registry https://registry.npmjs.org/
44 silly mapToRegistry uri https://registry.npmjs.org/angular-spec-generator
45 verbose addNameTag registry:https://registry.npmjs.org/angular-spec-generator not in flight; fetching
46 verbose get https://registry.npmjs.org/angular-spec-generator not expired, no request
47 silly addNameTag next cb for angular-spec-generator with tag latest
48 silly addNamed angular-spec-generator@1.0.1
49 verbose addNamed "1.0.1" is a plain semver version for angular-spec-generator
50 silly mapToRegistry name angular-spec-generator
51 silly mapToRegistry using default registry
52 silly mapToRegistry registry https://registry.npmjs.org/
53 silly mapToRegistry uri https://registry.npmjs.org/angular-spec-generator
54 verbose addRemoteTarball https://registry.npmjs.org/angular-spec-generator/-/angular-spec-generator-1.0.1.tgz not in flight; adding
55 verbose addRemoteTarball [ 'https://registry.npmjs.org/angular-spec-generator/-/angular-spec-generator-1.0.1.tgz',
55 verbose addRemoteTarball   '86281bb2828c6ef59d283d5b5cd7decf06871daf' ]
56 info retry fetch attempt 1 at 12:06:31
57 info attempt registry request try #1 at 12:06:31
58 http fetch GET https://registry.npmjs.org/angular-spec-generator/-/angular-spec-generator-1.0.1.tgz
59 http fetch 200 https://registry.npmjs.org/angular-spec-generator/-/angular-spec-generator-1.0.1.tgz
60 silly fetchAndShaCheck shasum 86281bb2828c6ef59d283d5b5cd7decf06871daf
61 verbose addTmpTarball /tmp/npm-5059-0e13e182/registry.npmjs.org/angular-spec-generator/-/angular-spec-generator-1.0.1.tgz not in flight; adding
62 verbose addTmpTarball already have metadata; skipping unpack for angular-spec-generator@1.0.1
63 silly cache afterAdd angular-spec-generator@1.0.1
64 verbose afterAdd /home/anton/.npm/angular-spec-generator/1.0.1/package/package.json not in flight; writing
65 verbose afterAdd /home/anton/.npm/angular-spec-generator/1.0.1/package/package.json written
66 silly fetchNamedPackageData chalk
67 silly mapToRegistry name chalk
68 silly mapToRegistry using default registry
69 silly mapToRegistry registry https://registry.npmjs.org/
70 silly mapToRegistry uri https://registry.npmjs.org/chalk
71 silly fetchNamedPackageData clear
72 silly mapToRegistry name clear
73 silly mapToRegistry using default registry
74 silly mapToRegistry registry https://registry.npmjs.org/
75 silly mapToRegistry uri https://registry.npmjs.org/clear
76 silly fetchNamedPackageData figlet
77 silly mapToRegistry name figlet
78 silly mapToRegistry using default registry
79 silly mapToRegistry registry https://registry.npmjs.org/
80 silly mapToRegistry uri https://registry.npmjs.org/figlet
81 silly fetchNamedPackageData string-template
82 silly mapToRegistry name string-template
83 silly mapToRegistry using default registry
84 silly mapToRegistry registry https://registry.npmjs.org/
85 silly mapToRegistry uri https://registry.npmjs.org/string-template
86 verbose request uri https://registry.npmjs.org/clear
87 verbose request no auth needed
88 info attempt registry request try #1 at 12:06:32
89 http request GET https://registry.npmjs.org/clear
90 verbose request uri https://registry.npmjs.org/figlet
91 verbose request no auth needed
92 info attempt registry request try #1 at 12:06:32
93 http request GET https://registry.npmjs.org/figlet
94 verbose request uri https://registry.npmjs.org/string-template
95 verbose request no auth needed
96 info attempt registry request try #1 at 12:06:32
97 http request GET https://registry.npmjs.org/string-template
98 verbose request uri https://registry.npmjs.org/chalk
99 verbose request no auth needed
100 info attempt registry request try #1 at 12:06:32
101 verbose etag W/"8c7fa73730f925cd09101cc610425c93"
102 verbose lastModified Wed, 19 Dec 2018 21:33:28 GMT
103 http request GET https://registry.npmjs.org/chalk
104 http 200 https://registry.npmjs.org/clear
105 verbose headers { date: 'Mon, 14 Jan 2019 10:06:33 GMT',
105 verbose headers   'content-type': 'application/json; charset=UTF-8',
105 verbose headers   'transfer-encoding': 'chunked',
105 verbose headers   connection: 'keep-alive',
105 verbose headers   'set-cookie':
105 verbose headers    [ '__cfduid=d573acca4713755fdc028d7d52aa6fc3f1547460393; expires=Tue, 14-Jan-20 10:06:33 GMT; path=/; domain=.registry.npmjs.org; HttpOnly' ],
105 verbose headers   'cf-cache-status': 'HIT',
105 verbose headers   'cache-control': 'max-age=300',
105 verbose headers   'cf-ray': '498f4a644b159762-FRA',
105 verbose headers   etag: 'W/"3ee0ae004e93618c1c92679aa3c882da"',
105 verbose headers   'expect-ct': 'max-age=604800, report-uri="https://report-uri.cloudflare.com/cdn-cgi/beacon/expect-ct"',
105 verbose headers   'last-modified': 'Sat, 26 May 2018 19:57:47 GMT',
105 verbose headers   vary: 'accept-encoding, accept',
105 verbose headers   server: 'cloudflare',
105 verbose headers   'content-encoding': 'gzip' }
106 silly get cb [ 200,
106 silly get   { date: 'Mon, 14 Jan 2019 10:06:33 GMT',
106 silly get     'content-type': 'application/json; charset=UTF-8',
106 silly get     'transfer-encoding': 'chunked',
106 silly get     connection: 'keep-alive',
106 silly get     'set-cookie':
106 silly get      [ '__cfduid=d573acca4713755fdc028d7d52aa6fc3f1547460393; expires=Tue, 14-Jan-20 10:06:33 GMT; path=/; domain=.registry.npmjs.org; HttpOnly' ],
106 silly get     'cf-cache-status': 'HIT',
106 silly get     'cache-control': 'max-age=300',
106 silly get     'cf-ray': '498f4a644b159762-FRA',
106 silly get     etag: 'W/"3ee0ae004e93618c1c92679aa3c882da"',
106 silly get     'expect-ct': 'max-age=604800, report-uri="https://report-uri.cloudflare.com/cdn-cgi/beacon/expect-ct"',
106 silly get     'last-modified': 'Sat, 26 May 2018 19:57:47 GMT',
106 silly get     vary: 'accept-encoding, accept',
106 silly get     server: 'cloudflare',
106 silly get     'content-encoding': 'gzip' } ]
107 verbose get saving clear to /home/anton/.npm/registry.npmjs.org/clear/.cache.json
108 silly resolveWithNewModule clear@0.0.1 checking installable status
109 silly cache add args [ 'clear@0.0.1', null ]
110 verbose cache add spec clear@0.0.1
111 silly cache add parsed spec Result {
111 silly cache add   raw: 'clear@0.0.1',
111 silly cache add   scope: null,
111 silly cache add   name: 'clear',
111 silly cache add   rawSpec: '0.0.1',
111 silly cache add   spec: '0.0.1',
111 silly cache add   type: 'version' }
112 silly addNamed clear@0.0.1
113 verbose addNamed "0.0.1" is a plain semver version for clear
114 silly mapToRegistry name clear
115 silly mapToRegistry using default registry
116 silly mapToRegistry registry https://registry.npmjs.org/
117 silly mapToRegistry uri https://registry.npmjs.org/clear
118 verbose addNameVersion registry:https://registry.npmjs.org/clear not in flight; fetching
119 verbose get https://registry.npmjs.org/clear not expired, no request
120 silly mapToRegistry name clear
121 silly mapToRegistry using default registry
122 silly mapToRegistry registry https://registry.npmjs.org/
123 silly mapToRegistry uri https://registry.npmjs.org/clear
124 verbose addRemoteTarball https://registry.npmjs.org/clear/-/clear-0.0.1.tgz not in flight; adding
125 verbose addRemoteTarball [ 'https://registry.npmjs.org/clear/-/clear-0.0.1.tgz',
125 verbose addRemoteTarball   'e5186e229d99448179c130311b6f9d30bff6b0ba' ]
126 info retry fetch attempt 1 at 12:06:32
127 info attempt registry request try #1 at 12:06:32
128 http fetch GET https://registry.npmjs.org/clear/-/clear-0.0.1.tgz
129 http fetch 200 https://registry.npmjs.org/clear/-/clear-0.0.1.tgz
130 silly fetchAndShaCheck shasum e5186e229d99448179c130311b6f9d30bff6b0ba
131 verbose addTmpTarball /tmp/npm-5059-0e13e182/registry.npmjs.org/clear/-/clear-0.0.1.tgz not in flight; adding
132 verbose addTmpTarball already have metadata; skipping unpack for clear@0.0.1
133 silly cache afterAdd clear@0.0.1
134 verbose afterAdd /home/anton/.npm/clear/0.0.1/package/package.json not in flight; writing
135 verbose afterAdd /home/anton/.npm/clear/0.0.1/package/package.json written
136 http 200 https://registry.npmjs.org/string-template
137 verbose headers { date: 'Mon, 14 Jan 2019 10:06:33 GMT',
137 verbose headers   'content-type': 'application/json; charset=UTF-8',
137 verbose headers   'transfer-encoding': 'chunked',
137 verbose headers   connection: 'keep-alive',
137 verbose headers   'set-cookie':
137 verbose headers    [ '__cfduid=d06f0546f909870941fc29b4178ede77f1547460393; expires=Tue, 14-Jan-20 10:06:33 GMT; path=/; domain=.registry.npmjs.org; HttpOnly' ],
137 verbose headers   'cf-cache-status': 'HIT',
137 verbose headers   'cache-control': 'max-age=300',
137 verbose headers   'cf-ray': '498f4a651e9a6409-FRA',
137 verbose headers   etag: 'W/"3ea6de09877d81bd4b91cb2cb0b58de0"',
137 verbose headers   'expect-ct': 'max-age=604800, report-uri="https://report-uri.cloudflare.com/cdn-cgi/beacon/expect-ct"',
137 verbose headers   'last-modified': 'Sun, 27 May 2018 18:25:24 GMT',
137 verbose headers   vary: 'accept-encoding, accept',
137 verbose headers   server: 'cloudflare',
137 verbose headers   'content-encoding': 'gzip' }
138 silly get cb [ 200,
138 silly get   { date: 'Mon, 14 Jan 2019 10:06:33 GMT',
138 silly get     'content-type': 'application/json; charset=UTF-8',
138 silly get     'transfer-encoding': 'chunked',
138 silly get     connection: 'keep-alive',
138 silly get     'set-cookie':
138 silly get      [ '__cfduid=d06f0546f909870941fc29b4178ede77f1547460393; expires=Tue, 14-Jan-20 10:06:33 GMT; path=/; domain=.registry.npmjs.org; HttpOnly' ],
138 silly get     'cf-cache-status': 'HIT',
138 silly get     'cache-control': 'max-age=300',
138 silly get     'cf-ray': '498f4a651e9a6409-FRA',
138 silly get     etag: 'W/"3ea6de09877d81bd4b91cb2cb0b58de0"',
138 silly get     'expect-ct': 'max-age=604800, report-uri="https://report-uri.cloudflare.com/cdn-cgi/beacon/expect-ct"',
138 silly get     'last-modified': 'Sun, 27 May 2018 18:25:24 GMT',
138 silly get     vary: 'accept-encoding, accept',
138 silly get     server: 'cloudflare',
138 silly get     'content-encoding': 'gzip' } ]
139 verbose get saving string-template to /home/anton/.npm/registry.npmjs.org/string-template/.cache.json
140 http 200 https://registry.npmjs.org/chalk
141 verbose headers { date: 'Mon, 14 Jan 2019 10:06:33 GMT',
141 verbose headers   'content-type': 'application/json',
141 verbose headers   'transfer-encoding': 'chunked',
141 verbose headers   connection: 'keep-alive',
141 verbose headers   'set-cookie':
141 verbose headers    [ '__cfduid=d06f0546f909870941fc29b4178ede77f1547460393; expires=Tue, 14-Jan-20 10:06:33 GMT; path=/; domain=.registry.npmjs.org; HttpOnly' ],
141 verbose headers   'cf-cache-status': 'HIT',
141 verbose headers   'cache-control': 'max-age=300',
141 verbose headers   'cf-ray': '498f4a651e9e6409-FRA',
141 verbose headers   etag: 'W/"b4c637db371b2a67ec4ec86833d42aa2"',
141 verbose headers   'expect-ct': 'max-age=604800, report-uri="https://report-uri.cloudflare.com/cdn-cgi/beacon/expect-ct"',
141 verbose headers   'last-modified': 'Sat, 05 Jan 2019 15:45:56 GMT',
141 verbose headers   vary: 'accept-encoding, accept',
141 verbose headers   'x-amz-meta-rev': '1133-58f097b9cb38bf968f26f1da1e42b7e1',
141 verbose headers   server: 'cloudflare',
141 verbose headers   'content-encoding': 'gzip' }
142 silly get cb [ 200,
142 silly get   { date: 'Mon, 14 Jan 2019 10:06:33 GMT',
142 silly get     'content-type': 'application/json',
142 silly get     'transfer-encoding': 'chunked',
142 silly get     connection: 'keep-alive',
142 silly get     'set-cookie':
142 silly get      [ '__cfduid=d06f0546f909870941fc29b4178ede77f1547460393; expires=Tue, 14-Jan-20 10:06:33 GMT; path=/; domain=.registry.npmjs.org; HttpOnly' ],
142 silly get     'cf-cache-status': 'HIT',
142 silly get     'cache-control': 'max-age=300',
142 silly get     'cf-ray': '498f4a651e9e6409-FRA',
142 silly get     etag: 'W/"b4c637db371b2a67ec4ec86833d42aa2"',
142 silly get     'expect-ct': 'max-age=604800, report-uri="https://report-uri.cloudflare.com/cdn-cgi/beacon/expect-ct"',
142 silly get     'last-modified': 'Sat, 05 Jan 2019 15:45:56 GMT',
142 silly get     vary: 'accept-encoding, accept',
142 silly get     'x-amz-meta-rev': '1133-58f097b9cb38bf968f26f1da1e42b7e1',
142 silly get     server: 'cloudflare',
142 silly get     'content-encoding': 'gzip' } ]
143 verbose get saving chalk to /home/anton/.npm/registry.npmjs.org/chalk/.cache.json
144 silly resolveWithNewModule string-template@1.0.0 checking installable status
145 silly cache add args [ 'string-template@^1.0.0', null ]
146 verbose cache add spec string-template@^1.0.0
147 silly cache add parsed spec Result {
147 silly cache add   raw: 'string-template@^1.0.0',
147 silly cache add   scope: null,
147 silly cache add   name: 'string-template',
147 silly cache add   rawSpec: '^1.0.0',
147 silly cache add   spec: '>=1.0.0 <2.0.0',
147 silly cache add   type: 'range' }
148 silly addNamed string-template@>=1.0.0 <2.0.0
149 verbose addNamed ">=1.0.0 <2.0.0" is a valid semver range for string-template
150 silly addNameRange { name: 'string-template',
150 silly addNameRange   range: '>=1.0.0 <2.0.0',
150 silly addNameRange   hasData: false }
151 silly mapToRegistry name string-template
152 silly mapToRegistry using default registry
153 silly mapToRegistry registry https://registry.npmjs.org/
154 silly mapToRegistry uri https://registry.npmjs.org/string-template
155 verbose addNameRange registry:https://registry.npmjs.org/string-template not in flight; fetching
156 verbose get https://registry.npmjs.org/string-template not expired, no request
157 silly addNameRange number 2 { name: 'string-template',
157 silly addNameRange   range: '>=1.0.0 <2.0.0',
157 silly addNameRange   hasData: true }
158 silly addNameRange versions [ 'string-template',
158 silly addNameRange   [ '0.1.0', '0.1.1', '0.1.2', '0.1.3', '0.2.0', '0.2.1', '1.0.0' ] ]
159 silly addNamed string-template@1.0.0
160 verbose addNamed "1.0.0" is a plain semver version for string-template
161 silly mapToRegistry name string-template
162 silly mapToRegistry using default registry
163 silly mapToRegistry registry https://registry.npmjs.org/
164 silly mapToRegistry uri https://registry.npmjs.org/string-template
165 verbose addRemoteTarball https://registry.npmjs.org/string-template/-/string-template-1.0.0.tgz not in flight; adding
166 verbose addRemoteTarball [ 'https://registry.npmjs.org/string-template/-/string-template-1.0.0.tgz',
166 verbose addRemoteTarball   '9e9f2233dc00f218718ec379a28a5673ecca8b96' ]
167 silly resolveWithNewModule chalk@2.4.2 checking installable status
168 silly cache add args [ 'chalk@^2.3.0', null ]
169 verbose cache add spec chalk@^2.3.0
170 silly cache add parsed spec Result {
170 silly cache add   raw: 'chalk@^2.3.0',
170 silly cache add   scope: null,
170 silly cache add   name: 'chalk',
170 silly cache add   rawSpec: '^2.3.0',
170 silly cache add   spec: '>=2.3.0 <3.0.0',
170 silly cache add   type: 'range' }
171 silly addNamed chalk@>=2.3.0 <3.0.0
172 verbose addNamed ">=2.3.0 <3.0.0" is a valid semver range for chalk
173 silly addNameRange { name: 'chalk', range: '>=2.3.0 <3.0.0', hasData: false }
174 silly mapToRegistry name chalk
175 silly mapToRegistry using default registry
176 silly mapToRegistry registry https://registry.npmjs.org/
177 silly mapToRegistry uri https://registry.npmjs.org/chalk
178 verbose addNameRange registry:https://registry.npmjs.org/chalk not in flight; fetching
179 info retry fetch attempt 1 at 12:06:32
180 info attempt registry request try #1 at 12:06:32
181 http fetch GET https://registry.npmjs.org/string-template/-/string-template-1.0.0.tgz
182 verbose get https://registry.npmjs.org/chalk not expired, no request
183 silly addNameRange number 2 { name: 'chalk', range: '>=2.3.0 <3.0.0', hasData: true }
184 silly addNameRange versions [ 'chalk',
184 silly addNameRange   [ '0.1.0',
184 silly addNameRange     '0.1.1',
184 silly addNameRange     '0.2.0',
184 silly addNameRange     '0.2.1',
184 silly addNameRange     '0.3.0',
184 silly addNameRange     '0.4.0',
184 silly addNameRange     '0.5.0',
184 silly addNameRange     '0.5.1',
184 silly addNameRange     '1.0.0',
184 silly addNameRange     '1.1.0',
184 silly addNameRange     '1.1.1',
184 silly addNameRange     '1.1.2',
184 silly addNameRange     '1.1.3',
184 silly addNameRange     '2.0.0',
184 silly addNameRange     '2.0.1',
184 silly addNameRange     '2.1.0',
184 silly addNameRange     '2.2.0',
184 silly addNameRange     '2.2.2',
184 silly addNameRange     '2.3.0',
184 silly addNameRange     '2.3.1',
184 silly addNameRange     '2.3.2',
184 silly addNameRange     '2.4.0',
184 silly addNameRange     '2.4.1',
184 silly addNameRange     '2.4.2' ] ]
185 silly addNamed chalk@2.4.2
186 verbose addNamed "2.4.2" is a plain semver version for chalk
187 silly mapToRegistry name chalk
188 silly mapToRegistry using default registry
189 silly mapToRegistry registry https://registry.npmjs.org/
190 silly mapToRegistry uri https://registry.npmjs.org/chalk
191 verbose addRemoteTarball https://registry.npmjs.org/chalk/-/chalk-2.4.2.tgz not in flight; adding
192 verbose addRemoteTarball [ 'https://registry.npmjs.org/chalk/-/chalk-2.4.2.tgz',
192 verbose addRemoteTarball   'cd42541677a54333cf541a49108c1432b44c9424' ]
193 info retry fetch attempt 1 at 12:06:32
194 info attempt registry request try #1 at 12:06:32
195 http fetch GET https://registry.npmjs.org/chalk/-/chalk-2.4.2.tgz
196 http 200 https://registry.npmjs.org/figlet
197 verbose headers { date: 'Mon, 14 Jan 2019 10:06:33 GMT',
197 verbose headers   'content-type': 'application/json',
197 verbose headers   'transfer-encoding': 'chunked',
197 verbose headers   connection: 'keep-alive',
197 verbose headers   'set-cookie':
197 verbose headers    [ '__cfduid=dd530a2a587b5e0e4fb1753adf02409221547460393; expires=Tue, 14-Jan-20 10:06:33 GMT; path=/; domain=.registry.npmjs.org; HttpOnly' ],
197 verbose headers   'cf-cache-status': 'HIT',
197 verbose headers   'cache-control': 'max-age=300',
197 verbose headers   'cf-ray': '498f4a651b49c2ab-FRA',
197 verbose headers   etag: 'W/"27620d415acfb1a02c945f6fe02b18e1"',
197 verbose headers   'expect-ct': 'max-age=604800, report-uri="https://report-uri.cloudflare.com/cdn-cgi/beacon/expect-ct"',
197 verbose headers   'last-modified': 'Thu, 03 Jan 2019 21:18:47 GMT',
197 verbose headers   vary: 'accept-encoding, accept',
197 verbose headers   'x-amz-meta-rev': '98-e087332a5f6c7bc51b9233fab8aea84c',
197 verbose headers   server: 'cloudflare',
197 verbose headers   'content-encoding': 'gzip' }
198 silly get cb [ 200,
198 silly get   { date: 'Mon, 14 Jan 2019 10:06:33 GMT',
198 silly get     'content-type': 'application/json',
198 silly get     'transfer-encoding': 'chunked',
198 silly get     connection: 'keep-alive',
198 silly get     'set-cookie':
198 silly get      [ '__cfduid=dd530a2a587b5e0e4fb1753adf02409221547460393; expires=Tue, 14-Jan-20 10:06:33 GMT; path=/; domain=.registry.npmjs.org; HttpOnly' ],
198 silly get     'cf-cache-status': 'HIT',
198 silly get     'cache-control': 'max-age=300',
198 silly get     'cf-ray': '498f4a651b49c2ab-FRA',
198 silly get     etag: 'W/"27620d415acfb1a02c945f6fe02b18e1"',
198 silly get     'expect-ct': 'max-age=604800, report-uri="https://report-uri.cloudflare.com/cdn-cgi/beacon/expect-ct"',
198 silly get     'last-modified': 'Thu, 03 Jan 2019 21:18:47 GMT',
198 silly get     vary: 'accept-encoding, accept',
198 silly get     'x-amz-meta-rev': '98-e087332a5f6c7bc51b9233fab8aea84c',
198 silly get     server: 'cloudflare',
198 silly get     'content-encoding': 'gzip' } ]
199 verbose get saving figlet to /home/anton/.npm/registry.npmjs.org/figlet/.cache.json
200 silly resolveWithNewModule figlet@1.2.1 checking installable status
201 silly cache add args [ 'figlet@^1.2.0', null ]
202 verbose cache add spec figlet@^1.2.0
203 silly cache add parsed spec Result {
203 silly cache add   raw: 'figlet@^1.2.0',
203 silly cache add   scope: null,
203 silly cache add   name: 'figlet',
203 silly cache add   rawSpec: '^1.2.0',
203 silly cache add   spec: '>=1.2.0 <2.0.0',
203 silly cache add   type: 'range' }
204 silly addNamed figlet@>=1.2.0 <2.0.0
205 verbose addNamed ">=1.2.0 <2.0.0" is a valid semver range for figlet
206 silly addNameRange { name: 'figlet', range: '>=1.2.0 <2.0.0', hasData: false }
207 silly mapToRegistry name figlet
208 silly mapToRegistry using default registry
209 silly mapToRegistry registry https://registry.npmjs.org/
210 silly mapToRegistry uri https://registry.npmjs.org/figlet
211 verbose addNameRange registry:https://registry.npmjs.org/figlet not in flight; fetching
212 verbose get https://registry.npmjs.org/figlet not expired, no request
213 silly addNameRange number 2 { name: 'figlet', range: '>=1.2.0 <2.0.0', hasData: true }
214 silly addNameRange versions [ 'figlet',
214 silly addNameRange   [ '1.0.1',
214 silly addNameRange     '1.0.2',
214 silly addNameRange     '1.0.3',
214 silly addNameRange     '1.0.5',
214 silly addNameRange     '1.0.6',
214 silly addNameRange     '1.0.7',
214 silly addNameRange     '1.0.8',
214 silly addNameRange     '1.0.9',
214 silly addNameRange     '1.0.10',
214 silly addNameRange     '1.1.0',
214 silly addNameRange     '1.1.1',
214 silly addNameRange     '1.1.2',
214 silly addNameRange     '1.2.0',
214 silly addNameRange     '1.2.1' ] ]
215 silly addNamed figlet@1.2.1
216 verbose addNamed "1.2.1" is a plain semver version for figlet
217 silly mapToRegistry name figlet
218 silly mapToRegistry using default registry
219 silly mapToRegistry registry https://registry.npmjs.org/
220 silly mapToRegistry uri https://registry.npmjs.org/figlet
221 verbose addRemoteTarball https://registry.npmjs.org/figlet/-/figlet-1.2.1.tgz not in flight; adding
222 verbose addRemoteTarball [ 'https://registry.npmjs.org/figlet/-/figlet-1.2.1.tgz',
222 verbose addRemoteTarball   '48d35df9d9b10b1b3888302e6e57904a0b00509c' ]
223 info retry fetch attempt 1 at 12:06:32
224 info attempt registry request try #1 at 12:06:32
225 http fetch GET https://registry.npmjs.org/figlet/-/figlet-1.2.1.tgz
226 http fetch 200 https://registry.npmjs.org/string-template/-/string-template-1.0.0.tgz
227 http fetch 200 https://registry.npmjs.org/chalk/-/chalk-2.4.2.tgz
228 silly fetchAndShaCheck shasum cd42541677a54333cf541a49108c1432b44c9424
229 verbose addTmpTarball /tmp/npm-5059-0e13e182/registry.npmjs.org/chalk/-/chalk-2.4.2.tgz not in flight; adding
230 verbose addTmpTarball already have metadata; skipping unpack for chalk@2.4.2
231 silly cache afterAdd chalk@2.4.2
232 verbose afterAdd /home/anton/.npm/chalk/2.4.2/package/package.json not in flight; writing
233 verbose afterAdd /home/anton/.npm/chalk/2.4.2/package/package.json written
234 silly fetchAndShaCheck shasum 9e9f2233dc00f218718ec379a28a5673ecca8b96
235 verbose addTmpTarball /tmp/npm-5059-0e13e182/registry.npmjs.org/string-template/-/string-template-1.0.0.tgz not in flight; adding
236 verbose addTmpTarball already have metadata; skipping unpack for string-template@1.0.0
237 silly cache afterAdd string-template@1.0.0
238 verbose afterAdd /home/anton/.npm/string-template/1.0.0/package/package.json not in flight; writing
239 verbose afterAdd /home/anton/.npm/string-template/1.0.0/package/package.json written
240 http fetch 200 https://registry.npmjs.org/figlet/-/figlet-1.2.1.tgz
241 silly fetchAndShaCheck shasum 48d35df9d9b10b1b3888302e6e57904a0b00509c
242 verbose addTmpTarball /tmp/npm-5059-0e13e182/registry.npmjs.org/figlet/-/figlet-1.2.1.tgz not in flight; adding
243 verbose addTmpTarball already have metadata; skipping unpack for figlet@1.2.1
244 silly cache afterAdd figlet@1.2.1
245 verbose afterAdd /home/anton/.npm/figlet/1.2.1/package/package.json not in flight; writing
246 verbose afterAdd /home/anton/.npm/figlet/1.2.1/package/package.json written
247 silly fetchNamedPackageData ansi-styles
248 silly mapToRegistry name ansi-styles
249 silly mapToRegistry using default registry
250 silly mapToRegistry registry https://registry.npmjs.org/
251 silly mapToRegistry uri https://registry.npmjs.org/ansi-styles
252 silly fetchNamedPackageData escape-string-regexp
253 silly mapToRegistry name escape-string-regexp
254 silly mapToRegistry using default registry
255 silly mapToRegistry registry https://registry.npmjs.org/
256 silly mapToRegistry uri https://registry.npmjs.org/escape-string-regexp
257 silly fetchNamedPackageData supports-color
258 silly mapToRegistry name supports-color
259 silly mapToRegistry using default registry
260 silly mapToRegistry registry https://registry.npmjs.org/
261 silly mapToRegistry uri https://registry.npmjs.org/supports-color
262 verbose request uri https://registry.npmjs.org/ansi-styles
263 verbose request no auth needed
264 info attempt registry request try #1 at 12:06:33
265 verbose etag W/"58a75a79d270a64258242f6a94ee96f0"
266 verbose lastModified Sat, 26 May 2018 16:54:20 GMT
267 http request GET https://registry.npmjs.org/ansi-styles
268 verbose request uri https://registry.npmjs.org/escape-string-regexp
269 verbose request no auth needed
270 info attempt registry request try #1 at 12:06:33
271 verbose etag W/"7b9c9b5877ab081e6f93162c43fcc388"
272 verbose lastModified Sat, 26 May 2018 23:42:59 GMT
273 http request GET https://registry.npmjs.org/escape-string-regexp
274 verbose request uri https://registry.npmjs.org/supports-color
275 verbose request no auth needed
276 info attempt registry request try #1 at 12:06:33
277 verbose etag W/"17ef9e7e03ff799150c584a3bb344312"
278 verbose lastModified Mon, 20 Aug 2018 04:37:41 GMT
279 http request GET https://registry.npmjs.org/supports-color
280 http 304 https://registry.npmjs.org/escape-string-regexp
281 verbose headers { date: 'Mon, 14 Jan 2019 10:06:34 GMT',
281 verbose headers   connection: 'keep-alive',
281 verbose headers   'set-cookie':
281 verbose headers    [ '__cfduid=d34d2c5a4e9365152a24a4f1e542af49e1547460394; expires=Tue, 14-Jan-20 10:06:34 GMT; path=/; domain=.registry.npmjs.org; HttpOnly' ],
281 verbose headers   'cf-cache-status': 'HIT',
281 verbose headers   'cache-control': 'max-age=300',
281 verbose headers   'cf-ray': '498f4a6828c86409-FRA',
281 verbose headers   etag: '"7b9c9b5877ab081e6f93162c43fcc388"',
281 verbose headers   'expect-ct': 'max-age=604800, report-uri="https://report-uri.cloudflare.com/cdn-cgi/beacon/expect-ct"',
281 verbose headers   'last-modified': 'Sat, 26 May 2018 23:42:59 GMT',
281 verbose headers   vary: 'accept-encoding, accept',
281 verbose headers   server: 'cloudflare' }
282 silly get cb [ 304,
282 silly get   { date: 'Mon, 14 Jan 2019 10:06:34 GMT',
282 silly get     connection: 'keep-alive',
282 silly get     'set-cookie':
282 silly get      [ '__cfduid=d34d2c5a4e9365152a24a4f1e542af49e1547460394; expires=Tue, 14-Jan-20 10:06:34 GMT; path=/; domain=.registry.npmjs.org; HttpOnly' ],
282 silly get     'cf-cache-status': 'HIT',
282 silly get     'cache-control': 'max-age=300',
282 silly get     'cf-ray': '498f4a6828c86409-FRA',
282 silly get     etag: '"7b9c9b5877ab081e6f93162c43fcc388"',
282 silly get     'expect-ct': 'max-age=604800, report-uri="https://report-uri.cloudflare.com/cdn-cgi/beacon/expect-ct"',
282 silly get     'last-modified': 'Sat, 26 May 2018 23:42:59 GMT',
282 silly get     vary: 'accept-encoding, accept',
282 silly get     server: 'cloudflare' } ]
283 verbose etag https://registry.npmjs.org/escape-string-regexp from cache
284 verbose get saving escape-string-regexp to /home/anton/.npm/registry.npmjs.org/escape-string-regexp/.cache.json
285 silly resolveWithNewModule escape-string-regexp@1.0.5 checking installable status
286 silly cache add args [ 'escape-string-regexp@^1.0.5', null ]
287 verbose cache add spec escape-string-regexp@^1.0.5
288 silly cache add parsed spec Result {
288 silly cache add   raw: 'escape-string-regexp@^1.0.5',
288 silly cache add   scope: null,
288 silly cache add   name: 'escape-string-regexp',
288 silly cache add   rawSpec: '^1.0.5',
288 silly cache add   spec: '>=1.0.5 <2.0.0',
288 silly cache add   type: 'range' }
289 silly addNamed escape-string-regexp@>=1.0.5 <2.0.0
290 verbose addNamed ">=1.0.5 <2.0.0" is a valid semver range for escape-string-regexp
291 silly addNameRange { name: 'escape-string-regexp',
291 silly addNameRange   range: '>=1.0.5 <2.0.0',
291 silly addNameRange   hasData: false }
292 silly mapToRegistry name escape-string-regexp
293 silly mapToRegistry using default registry
294 silly mapToRegistry registry https://registry.npmjs.org/
295 silly mapToRegistry uri https://registry.npmjs.org/escape-string-regexp
296 verbose addNameRange registry:https://registry.npmjs.org/escape-string-regexp not in flight; fetching
297 verbose get https://registry.npmjs.org/escape-string-regexp not expired, no request
298 silly addNameRange number 2 { name: 'escape-string-regexp',
298 silly addNameRange   range: '>=1.0.5 <2.0.0',
298 silly addNameRange   hasData: true }
299 silly addNameRange versions [ 'escape-string-regexp',
299 silly addNameRange   [ '1.0.0', '1.0.1', '1.0.2', '1.0.3', '1.0.4', '1.0.5' ] ]
300 silly addNamed escape-string-regexp@1.0.5
301 verbose addNamed "1.0.5" is a plain semver version for escape-string-regexp
302 http 200 https://registry.npmjs.org/supports-color
303 verbose headers { date: 'Mon, 14 Jan 2019 10:06:34 GMT',
303 verbose headers   'content-type': 'application/json',
303 verbose headers   'transfer-encoding': 'chunked',
303 verbose headers   connection: 'keep-alive',
303 verbose headers   'set-cookie':
303 verbose headers    [ '__cfduid=d26701f3f65d6977a1f9448068e34a8141547460394; expires=Tue, 14-Jan-20 10:06:34 GMT; path=/; domain=.registry.npmjs.org; HttpOnly' ],
303 verbose headers   'cf-cache-status': 'HIT',
303 verbose headers   'cache-control': 'max-age=300',
303 verbose headers   'cf-ray': '498f4a682ece9762-FRA',
303 verbose headers   etag: 'W/"b11996c4cf75fd96237a6da76bb54447"',
303 verbose headers   'expect-ct': 'max-age=604800, report-uri="https://report-uri.cloudflare.com/cdn-cgi/beacon/expect-ct"',
303 verbose headers   'last-modified': 'Fri, 11 Jan 2019 07:09:37 GMT',
303 verbose headers   vary: 'accept-encoding, accept',
303 verbose headers   'x-amz-meta-rev': '79-c1da8c5a4eb5a7f9a42c1f8982871c74',
303 verbose headers   server: 'cloudflare',
303 verbose headers   'content-encoding': 'gzip' }
304 silly get cb [ 200,
304 silly get   { date: 'Mon, 14 Jan 2019 10:06:34 GMT',
304 silly get     'content-type': 'application/json',
304 silly get     'transfer-encoding': 'chunked',
304 silly get     connection: 'keep-alive',
304 silly get     'set-cookie':
304 silly get      [ '__cfduid=d26701f3f65d6977a1f9448068e34a8141547460394; expires=Tue, 14-Jan-20 10:06:34 GMT; path=/; domain=.registry.npmjs.org; HttpOnly' ],
304 silly get     'cf-cache-status': 'HIT',
304 silly get     'cache-control': 'max-age=300',
304 silly get     'cf-ray': '498f4a682ece9762-FRA',
304 silly get     etag: 'W/"b11996c4cf75fd96237a6da76bb54447"',
304 silly get     'expect-ct': 'max-age=604800, report-uri="https://report-uri.cloudflare.com/cdn-cgi/beacon/expect-ct"',
304 silly get     'last-modified': 'Fri, 11 Jan 2019 07:09:37 GMT',
304 silly get     vary: 'accept-encoding, accept',
304 silly get     'x-amz-meta-rev': '79-c1da8c5a4eb5a7f9a42c1f8982871c74',
304 silly get     server: 'cloudflare',
304 silly get     'content-encoding': 'gzip' } ]
305 verbose get saving supports-color to /home/anton/.npm/registry.npmjs.org/supports-color/.cache.json
306 silly cache afterAdd escape-string-regexp@1.0.5
307 verbose afterAdd /home/anton/.npm/escape-string-regexp/1.0.5/package/package.json not in flight; writing
308 silly resolveWithNewModule supports-color@5.5.0 checking installable status
309 silly cache add args [ 'supports-color@^5.3.0', null ]
310 verbose cache add spec supports-color@^5.3.0
311 silly cache add parsed spec Result {
311 silly cache add   raw: 'supports-color@^5.3.0',
311 silly cache add   scope: null,
311 silly cache add   name: 'supports-color',
311 silly cache add   rawSpec: '^5.3.0',
311 silly cache add   spec: '>=5.3.0 <6.0.0',
311 silly cache add   type: 'range' }
312 silly addNamed supports-color@>=5.3.0 <6.0.0
313 verbose addNamed ">=5.3.0 <6.0.0" is a valid semver range for supports-color
314 silly addNameRange { name: 'supports-color',
314 silly addNameRange   range: '>=5.3.0 <6.0.0',
314 silly addNameRange   hasData: false }
315 silly mapToRegistry name supports-color
316 silly mapToRegistry using default registry
317 silly mapToRegistry registry https://registry.npmjs.org/
318 silly mapToRegistry uri https://registry.npmjs.org/supports-color
319 verbose addNameRange registry:https://registry.npmjs.org/supports-color not in flight; fetching
320 verbose afterAdd /home/anton/.npm/escape-string-regexp/1.0.5/package/package.json written
321 verbose get https://registry.npmjs.org/supports-color not expired, no request
322 silly addNameRange number 2 { name: 'supports-color',
322 silly addNameRange   range: '>=5.3.0 <6.0.0',
322 silly addNameRange   hasData: true }
323 silly addNameRange versions [ 'supports-color',
323 silly addNameRange   [ '0.2.0',
323 silly addNameRange     '1.0.0',
323 silly addNameRange     '1.1.0',
323 silly addNameRange     '1.2.0',
323 silly addNameRange     '1.2.1',
323 silly addNameRange     '1.3.0',
323 silly addNameRange     '1.3.1',
323 silly addNameRange     '2.0.0',
323 silly addNameRange     '3.0.0',
323 silly addNameRange     '3.0.1',
323 silly addNameRange     '3.1.0',
323 silly addNameRange     '3.1.1',
323 silly addNameRange     '3.1.2',
323 silly addNameRange     '3.2.0',
323 silly addNameRange     '3.2.1',
323 silly addNameRange     '3.2.2',
323 silly addNameRange     '3.2.3',
323 silly addNameRange     '4.0.0',
323 silly addNameRange     '4.1.0',
323 silly addNameRange     '4.2.0',
323 silly addNameRange     '4.2.1',
323 silly addNameRange     '4.3.0',
323 silly addNameRange     '4.4.0',
323 silly addNameRange     '4.5.0',
323 silly addNameRange     '5.0.0',
323 silly addNameRange     '5.0.1',
323 silly addNameRange     '5.1.0',
323 silly addNameRange     '5.2.0',
323 silly addNameRange     '5.3.0',
323 silly addNameRange     '5.4.0',
323 silly addNameRange     '5.5.0',
323 silly addNameRange     '6.0.0',
323 silly addNameRange     '6.1.0' ] ]
324 silly addNamed supports-color@5.5.0
325 verbose addNamed "5.5.0" is a plain semver version for supports-color
326 silly cache afterAdd supports-color@5.5.0
327 verbose afterAdd /home/anton/.npm/supports-color/5.5.0/package/package.json not in flight; writing
328 verbose afterAdd /home/anton/.npm/supports-color/5.5.0/package/package.json written
329 http 304 https://registry.npmjs.org/ansi-styles
330 verbose headers { date: 'Mon, 14 Jan 2019 10:06:34 GMT',
330 verbose headers   connection: 'keep-alive',
330 verbose headers   'set-cookie':
330 verbose headers    [ '__cfduid=d127e14ff359618acba2f530f8b86104a1547460394; expires=Tue, 14-Jan-20 10:06:34 GMT; path=/; domain=.registry.npmjs.org; HttpOnly' ],
330 verbose headers   'cf-cache-status': 'HIT',
330 verbose headers   'cache-control': 'max-age=300',
330 verbose headers   'cf-ray': '498f4a682b89c2ab-FRA',
330 verbose headers   etag: '"58a75a79d270a64258242f6a94ee96f0"',
330 verbose headers   'expect-ct': 'max-age=604800, report-uri="https://report-uri.cloudflare.com/cdn-cgi/beacon/expect-ct"',
330 verbose headers   'last-modified': 'Sat, 26 May 2018 16:54:20 GMT',
330 verbose headers   vary: 'accept-encoding, accept',
330 verbose headers   server: 'cloudflare' }
331 silly get cb [ 304,
331 silly get   { date: 'Mon, 14 Jan 2019 10:06:34 GMT',
331 silly get     connection: 'keep-alive',
331 silly get     'set-cookie':
331 silly get      [ '__cfduid=d127e14ff359618acba2f530f8b86104a1547460394; expires=Tue, 14-Jan-20 10:06:34 GMT; path=/; domain=.registry.npmjs.org; HttpOnly' ],
331 silly get     'cf-cache-status': 'HIT',
331 silly get     'cache-control': 'max-age=300',
331 silly get     'cf-ray': '498f4a682b89c2ab-FRA',
331 silly get     etag: '"58a75a79d270a64258242f6a94ee96f0"',
331 silly get     'expect-ct': 'max-age=604800, report-uri="https://report-uri.cloudflare.com/cdn-cgi/beacon/expect-ct"',
331 silly get     'last-modified': 'Sat, 26 May 2018 16:54:20 GMT',
331 silly get     vary: 'accept-encoding, accept',
331 silly get     server: 'cloudflare' } ]
332 verbose etag https://registry.npmjs.org/ansi-styles from cache
333 verbose get saving ansi-styles to /home/anton/.npm/registry.npmjs.org/ansi-styles/.cache.json
334 silly resolveWithNewModule ansi-styles@3.2.1 checking installable status
335 silly cache add args [ 'ansi-styles@^3.2.1', null ]
336 verbose cache add spec ansi-styles@^3.2.1
337 silly cache add parsed spec Result {
337 silly cache add   raw: 'ansi-styles@^3.2.1',
337 silly cache add   scope: null,
337 silly cache add   name: 'ansi-styles',
337 silly cache add   rawSpec: '^3.2.1',
337 silly cache add   spec: '>=3.2.1 <4.0.0',
337 silly cache add   type: 'range' }
338 silly addNamed ansi-styles@>=3.2.1 <4.0.0
339 verbose addNamed ">=3.2.1 <4.0.0" is a valid semver range for ansi-styles
340 silly addNameRange { name: 'ansi-styles', range: '>=3.2.1 <4.0.0', hasData: false }
341 silly mapToRegistry name ansi-styles
342 silly mapToRegistry using default registry
343 silly mapToRegistry registry https://registry.npmjs.org/
344 silly mapToRegistry uri https://registry.npmjs.org/ansi-styles
345 verbose addNameRange registry:https://registry.npmjs.org/ansi-styles not in flight; fetching
346 verbose get https://registry.npmjs.org/ansi-styles not expired, no request
347 silly addNameRange number 2 { name: 'ansi-styles', range: '>=3.2.1 <4.0.0', hasData: true }
348 silly addNameRange versions [ 'ansi-styles',
348 silly addNameRange   [ '0.1.0',
348 silly addNameRange     '0.1.1',
348 silly addNameRange     '0.1.2',
348 silly addNameRange     '0.2.0',
348 silly addNameRange     '1.0.0',
348 silly addNameRange     '1.1.0',
348 silly addNameRange     '2.0.0',
348 silly addNameRange     '2.0.1',
348 silly addNameRange     '2.1.0',
348 silly addNameRange     '2.2.1',
348 silly addNameRange     '3.0.0',
348 silly addNameRange     '3.1.0',
348 silly addNameRange     '3.2.0',
348 silly addNameRange     '3.2.1' ] ]
349 silly addNamed ansi-styles@3.2.1
350 verbose addNamed "3.2.1" is a plain semver version for ansi-styles
351 silly cache afterAdd ansi-styles@3.2.1
352 verbose afterAdd /home/anton/.npm/ansi-styles/3.2.1/package/package.json not in flight; writing
353 verbose afterAdd /home/anton/.npm/ansi-styles/3.2.1/package/package.json written
354 silly fetchNamedPackageData color-convert
355 silly mapToRegistry name color-convert
356 silly mapToRegistry using default registry
357 silly mapToRegistry registry https://registry.npmjs.org/
358 silly mapToRegistry uri https://registry.npmjs.org/color-convert
359 verbose request uri https://registry.npmjs.org/color-convert
360 verbose request no auth needed
361 info attempt registry request try #1 at 12:06:33
362 verbose etag W/"b16cde4197a3f6203f501e69293a8443"
363 verbose lastModified Fri, 23 Nov 2018 13:24:51 GMT
364 http request GET https://registry.npmjs.org/color-convert
365 http 200 https://registry.npmjs.org/color-convert
366 verbose headers { date: 'Mon, 14 Jan 2019 10:06:34 GMT',
366 verbose headers   'content-type': 'application/json',
366 verbose headers   'transfer-encoding': 'chunked',
366 verbose headers   connection: 'keep-alive',
366 verbose headers   'set-cookie':
366 verbose headers    [ '__cfduid=d34d2c5a4e9365152a24a4f1e542af49e1547460394; expires=Tue, 14-Jan-20 10:06:34 GMT; path=/; domain=.registry.npmjs.org; HttpOnly' ],
366 verbose headers   'cf-cache-status': 'HIT',
366 verbose headers   'cache-control': 'max-age=300',
366 verbose headers   'cf-ray': '498f4a68f9616409-FRA',
366 verbose headers   etag: 'W/"dda7854d47de247b98916b4eb4d59a03"',
366 verbose headers   'expect-ct': 'max-age=604800, report-uri="https://report-uri.cloudflare.com/cdn-cgi/beacon/expect-ct"',
366 verbose headers   'last-modified': 'Tue, 01 Jan 2019 14:42:07 GMT',
366 verbose headers   vary: 'accept-encoding, accept',
366 verbose headers   'x-amz-meta-rev': '71-430f38d2c6df599dee32962a0d0ea2e1',
366 verbose headers   server: 'cloudflare',
366 verbose headers   'content-encoding': 'gzip' }
367 silly get cb [ 200,
367 silly get   { date: 'Mon, 14 Jan 2019 10:06:34 GMT',
367 silly get     'content-type': 'application/json',
367 silly get     'transfer-encoding': 'chunked',
367 silly get     connection: 'keep-alive',
367 silly get     'set-cookie':
367 silly get      [ '__cfduid=d34d2c5a4e9365152a24a4f1e542af49e1547460394; expires=Tue, 14-Jan-20 10:06:34 GMT; path=/; domain=.registry.npmjs.org; HttpOnly' ],
367 silly get     'cf-cache-status': 'HIT',
367 silly get     'cache-control': 'max-age=300',
367 silly get     'cf-ray': '498f4a68f9616409-FRA',
367 silly get     etag: 'W/"dda7854d47de247b98916b4eb4d59a03"',
367 silly get     'expect-ct': 'max-age=604800, report-uri="https://report-uri.cloudflare.com/cdn-cgi/beacon/expect-ct"',
367 silly get     'last-modified': 'Tue, 01 Jan 2019 14:42:07 GMT',
367 silly get     vary: 'accept-encoding, accept',
367 silly get     'x-amz-meta-rev': '71-430f38d2c6df599dee32962a0d0ea2e1',
367 silly get     server: 'cloudflare',
367 silly get     'content-encoding': 'gzip' } ]
368 verbose get saving color-convert to /home/anton/.npm/registry.npmjs.org/color-convert/.cache.json
369 silly resolveWithNewModule color-convert@1.9.3 checking installable status
370 silly cache add args [ 'color-convert@^1.9.0', null ]
371 verbose cache add spec color-convert@^1.9.0
372 silly cache add parsed spec Result {
372 silly cache add   raw: 'color-convert@^1.9.0',
372 silly cache add   scope: null,
372 silly cache add   name: 'color-convert',
372 silly cache add   rawSpec: '^1.9.0',
372 silly cache add   spec: '>=1.9.0 <2.0.0',
372 silly cache add   type: 'range' }
373 silly addNamed color-convert@>=1.9.0 <2.0.0
374 verbose addNamed ">=1.9.0 <2.0.0" is a valid semver range for color-convert
375 silly addNameRange { name: 'color-convert',
375 silly addNameRange   range: '>=1.9.0 <2.0.0',
375 silly addNameRange   hasData: false }
376 silly mapToRegistry name color-convert
377 silly mapToRegistry using default registry
378 silly mapToRegistry registry https://registry.npmjs.org/
379 silly mapToRegistry uri https://registry.npmjs.org/color-convert
380 verbose addNameRange registry:https://registry.npmjs.org/color-convert not in flight; fetching
381 verbose get https://registry.npmjs.org/color-convert not expired, no request
382 silly addNameRange number 2 { name: 'color-convert', range: '>=1.9.0 <2.0.0', hasData: true }
383 silly addNameRange versions [ 'color-convert',
383 silly addNameRange   [ '0.1.0',
383 silly addNameRange     '0.2.0',
383 silly addNameRange     '0.2.1',
383 silly addNameRange     '0.3.0',
383 silly addNameRange     '0.3.1',
383 silly addNameRange     '0.3.4',
383 silly addNameRange     '0.4.0',
383 silly addNameRange     '0.5.0',
383 silly addNameRange     '0.5.1',
383 silly addNameRange     '0.5.2',
383 silly addNameRange     '0.5.3',
383 silly addNameRange     '0.6.0',
383 silly addNameRange     '0.7.0',
383 silly addNameRange     '1.0.0',
383 silly addNameRange     '1.1.0',
383 silly addNameRange     '1.1.1',
383 silly addNameRange     '1.1.2',
383 silly addNameRange     '1.2.0',
383 silly addNameRange     '1.2.1',
383 silly addNameRange     '1.2.2',
383 silly addNameRange     '1.3.0',
383 silly addNameRange     '1.3.1',
383 silly addNameRange     '1.4.0',
383 silly addNameRange     '1.5.0',
383 silly addNameRange     '1.6.0',
383 silly addNameRange     '1.7.0',
383 silly addNameRange     '1.8.0',
383 silly addNameRange     '1.8.1',
383 silly addNameRange     '1.8.2',
383 silly addNameRange     '1.9.0',
383 silly addNameRange     '1.9.1',
383 silly addNameRange     '1.9.2',
383 silly addNameRange     '1.9.3' ] ]
384 silly addNamed color-convert@1.9.3
385 verbose addNamed "1.9.3" is a plain semver version for color-convert
386 silly cache afterAdd color-convert@1.9.3
387 verbose afterAdd /home/anton/.npm/color-convert/1.9.3/package/package.json not in flight; writing
388 verbose afterAdd /home/anton/.npm/color-convert/1.9.3/package/package.json written
389 silly fetchNamedPackageData color-name
390 silly mapToRegistry name color-name
391 silly mapToRegistry using default registry
392 silly mapToRegistry registry https://registry.npmjs.org/
393 silly mapToRegistry uri https://registry.npmjs.org/color-name
394 verbose request uri https://registry.npmjs.org/color-name
395 verbose request no auth needed
396 info attempt registry request try #1 at 12:06:33
397 verbose etag W/"cf8111b5a096271c6c58eb97bf2e0ff5"
398 verbose lastModified Fri, 21 Sep 2018 10:49:00 GMT
399 http request GET https://registry.npmjs.org/color-name
400 http 200 https://registry.npmjs.org/color-name
401 verbose headers { date: 'Mon, 14 Jan 2019 10:06:34 GMT',
401 verbose headers   'content-type': 'application/json',
401 verbose headers   'transfer-encoding': 'chunked',
401 verbose headers   connection: 'keep-alive',
401 verbose headers   'set-cookie':
401 verbose headers    [ '__cfduid=d34d2c5a4e9365152a24a4f1e542af49e1547460394; expires=Tue, 14-Jan-20 10:06:34 GMT; path=/; domain=.registry.npmjs.org; HttpOnly' ],
401 verbose headers   'cf-cache-status': 'HIT',
401 verbose headers   'cache-control': 'max-age=300',
401 verbose headers   'cf-ray': '498f4a6989d06409-FRA',
401 verbose headers   etag: 'W/"68499672f8aca14e62dccba8bf3b8402"',
401 verbose headers   'expect-ct': 'max-age=604800, report-uri="https://report-uri.cloudflare.com/cdn-cgi/beacon/expect-ct"',
401 verbose headers   'last-modified': 'Tue, 01 Jan 2019 14:42:53 GMT',
401 verbose headers   vary: 'accept-encoding, accept',
401 verbose headers   'x-amz-meta-rev': '13-aecc86190fb5d11b27fb1f03c37f58aa',
401 verbose headers   server: 'cloudflare',
401 verbose headers   'content-encoding': 'gzip' }
402 silly get cb [ 200,
402 silly get   { date: 'Mon, 14 Jan 2019 10:06:34 GMT',
402 silly get     'content-type': 'application/json',
402 silly get     'transfer-encoding': 'chunked',
402 silly get     connection: 'keep-alive',
402 silly get     'set-cookie':
402 silly get      [ '__cfduid=d34d2c5a4e9365152a24a4f1e542af49e1547460394; expires=Tue, 14-Jan-20 10:06:34 GMT; path=/; domain=.registry.npmjs.org; HttpOnly' ],
402 silly get     'cf-cache-status': 'HIT',
402 silly get     'cache-control': 'max-age=300',
402 silly get     'cf-ray': '498f4a6989d06409-FRA',
402 silly get     etag: 'W/"68499672f8aca14e62dccba8bf3b8402"',
402 silly get     'expect-ct': 'max-age=604800, report-uri="https://report-uri.cloudflare.com/cdn-cgi/beacon/expect-ct"',
402 silly get     'last-modified': 'Tue, 01 Jan 2019 14:42:53 GMT',
402 silly get     vary: 'accept-encoding, accept',
402 silly get     'x-amz-meta-rev': '13-aecc86190fb5d11b27fb1f03c37f58aa',
402 silly get     server: 'cloudflare',
402 silly get     'content-encoding': 'gzip' } ]
403 verbose get saving color-name to /home/anton/.npm/registry.npmjs.org/color-name/.cache.json
404 silly resolveWithNewModule color-name@1.1.3 checking installable status
405 silly cache add args [ 'color-name@1.1.3', null ]
406 verbose cache add spec color-name@1.1.3
407 silly cache add parsed spec Result {
407 silly cache add   raw: 'color-name@1.1.3',
407 silly cache add   scope: null,
407 silly cache add   name: 'color-name',
407 silly cache add   rawSpec: '1.1.3',
407 silly cache add   spec: '1.1.3',
407 silly cache add   type: 'version' }
408 silly addNamed color-name@1.1.3
409 verbose addNamed "1.1.3" is a plain semver version for color-name
410 silly mapToRegistry name color-name
411 silly mapToRegistry using default registry
412 silly mapToRegistry registry https://registry.npmjs.org/
413 silly mapToRegistry uri https://registry.npmjs.org/color-name
414 verbose addNameVersion registry:https://registry.npmjs.org/color-name not in flight; fetching
415 verbose get https://registry.npmjs.org/color-name not expired, no request
416 silly cache afterAdd color-name@1.1.3
417 verbose afterAdd /home/anton/.npm/color-name/1.1.3/package/package.json not in flight; writing
418 verbose afterAdd /home/anton/.npm/color-name/1.1.3/package/package.json written
419 silly fetchNamedPackageData has-flag
420 silly mapToRegistry name has-flag
421 silly mapToRegistry using default registry
422 silly mapToRegistry registry https://registry.npmjs.org/
423 silly mapToRegistry uri https://registry.npmjs.org/has-flag
424 verbose request uri https://registry.npmjs.org/has-flag
425 verbose request no auth needed
426 info attempt registry request try #1 at 12:06:33
427 verbose etag W/"cadac1c1cc1ff622672831a21871ceca"
428 verbose lastModified Sun, 27 May 2018 03:34:16 GMT
429 http request GET https://registry.npmjs.org/has-flag
430 http 304 https://registry.npmjs.org/has-flag
431 verbose headers { date: 'Mon, 14 Jan 2019 10:06:34 GMT',
431 verbose headers   connection: 'keep-alive',
431 verbose headers   'set-cookie':
431 verbose headers    [ '__cfduid=d26701f3f65d6977a1f9448068e34a8141547460394; expires=Tue, 14-Jan-20 10:06:34 GMT; path=/; domain=.registry.npmjs.org; HttpOnly' ],
431 verbose headers   'cf-cache-status': 'HIT',
431 verbose headers   'cache-control': 'max-age=300',
431 verbose headers   'cf-ray': '498f4a6a08449762-FRA',
431 verbose headers   etag: '"cadac1c1cc1ff622672831a21871ceca"',
431 verbose headers   'expect-ct': 'max-age=604800, report-uri="https://report-uri.cloudflare.com/cdn-cgi/beacon/expect-ct"',
431 verbose headers   'last-modified': 'Sun, 27 May 2018 03:34:16 GMT',
431 verbose headers   vary: 'accept-encoding, accept',
431 verbose headers   server: 'cloudflare' }
432 silly get cb [ 304,
432 silly get   { date: 'Mon, 14 Jan 2019 10:06:34 GMT',
432 silly get     connection: 'keep-alive',
432 silly get     'set-cookie':
432 silly get      [ '__cfduid=d26701f3f65d6977a1f9448068e34a8141547460394; expires=Tue, 14-Jan-20 10:06:34 GMT; path=/; domain=.registry.npmjs.org; HttpOnly' ],
432 silly get     'cf-cache-status': 'HIT',
432 silly get     'cache-control': 'max-age=300',
432 silly get     'cf-ray': '498f4a6a08449762-FRA',
432 silly get     etag: '"cadac1c1cc1ff622672831a21871ceca"',
432 silly get     'expect-ct': 'max-age=604800, report-uri="https://report-uri.cloudflare.com/cdn-cgi/beacon/expect-ct"',
432 silly get     'last-modified': 'Sun, 27 May 2018 03:34:16 GMT',
432 silly get     vary: 'accept-encoding, accept',
432 silly get     server: 'cloudflare' } ]
433 verbose etag https://registry.npmjs.org/has-flag from cache
434 verbose get saving has-flag to /home/anton/.npm/registry.npmjs.org/has-flag/.cache.json
435 silly resolveWithNewModule has-flag@3.0.0 checking installable status
436 silly cache add args [ 'has-flag@^3.0.0', null ]
437 verbose cache add spec has-flag@^3.0.0
438 silly cache add parsed spec Result {
438 silly cache add   raw: 'has-flag@^3.0.0',
438 silly cache add   scope: null,
438 silly cache add   name: 'has-flag',
438 silly cache add   rawSpec: '^3.0.0',
438 silly cache add   spec: '>=3.0.0 <4.0.0',
438 silly cache add   type: 'range' }
439 silly addNamed has-flag@>=3.0.0 <4.0.0
440 verbose addNamed ">=3.0.0 <4.0.0" is a valid semver range for has-flag
441 silly addNameRange { name: 'has-flag', range: '>=3.0.0 <4.0.0', hasData: false }
442 silly mapToRegistry name has-flag
443 silly mapToRegistry using default registry
444 silly mapToRegistry registry https://registry.npmjs.org/
445 silly mapToRegistry uri https://registry.npmjs.org/has-flag
446 verbose addNameRange registry:https://registry.npmjs.org/has-flag not in flight; fetching
447 verbose get https://registry.npmjs.org/has-flag not expired, no request
448 silly addNameRange number 2 { name: 'has-flag', range: '>=3.0.0 <4.0.0', hasData: true }
449 silly addNameRange versions [ 'has-flag', [ '1.0.0', '2.0.0', '3.0.0' ] ]
450 silly addNamed has-flag@3.0.0
451 verbose addNamed "3.0.0" is a plain semver version for has-flag
452 silly cache afterAdd has-flag@3.0.0
453 verbose afterAdd /home/anton/.npm/has-flag/3.0.0/package/package.json not in flight; writing
454 verbose afterAdd /home/anton/.npm/has-flag/3.0.0/package/package.json written
455 silly loadAllDepsIntoIdealTree Finishing
456 silly idealTree:prePrune lib
456 silly idealTree:prePrune  angular-spec-generator@1.0.1
456 silly idealTree:prePrune    ansi-styles@3.2.1
456 silly idealTree:prePrune    chalk@2.4.2
456 silly idealTree:prePrune    clear@0.0.1
456 silly idealTree:prePrune    color-convert@1.9.3
456 silly idealTree:prePrune    color-name@1.1.3
456 silly idealTree:prePrune    escape-string-regexp@1.0.5
456 silly idealTree:prePrune    figlet@1.2.1
456 silly idealTree:prePrune    has-flag@3.0.0
456 silly idealTree:prePrune    string-template@1.0.0
456 silly idealTree:prePrune    supports-color@5.5.0
457 silly loadIdealTree Finishing
458 silly currentTree lib
459 silly idealTree lib
459 silly idealTree  angular-spec-generator@1.0.1
459 silly idealTree    ansi-styles@3.2.1
459 silly idealTree    chalk@2.4.2
459 silly idealTree    clear@0.0.1
459 silly idealTree    color-convert@1.9.3
459 silly idealTree    color-name@1.1.3
459 silly idealTree    escape-string-regexp@1.0.5
459 silly idealTree    figlet@1.2.1
459 silly idealTree    has-flag@3.0.0
459 silly idealTree    string-template@1.0.0
459 silly idealTree    supports-color@5.5.0
460 silly generateActionsToTake Starting
461 silly install generateActionsToTake
462 warn checkPermissions Missing write access to /usr/local/lib/node_modules
463 silly rollbackFailedOptional Starting
464 silly rollbackFailedOptional Finishing
465 silly runTopLevelLifecycles Starting
466 silly runTopLevelLifecycles Finishing
467 silly install printInstalled
468 verbose stack Error: EACCES: permission denied, access '/usr/local/lib/node_modules'
469 verbose cwd /home/anton/dev/myTips/server
470 error Linux 4.15.0-43-generic
471 error argv "/usr/bin/node" "/usr/bin/npm" "install" "-g" "angular-spec-generator"
472 error node v8.10.0
473 error npm  v3.5.2
474 error path /usr/local/lib/node_modules
475 error code EACCES
476 error errno -13
477 error syscall access
478 error Error: EACCES: permission denied, access '/usr/local/lib/node_modules'
478 error  { Error: EACCES: permission denied, access '/usr/local/lib/node_modules'
478 error   errno: -13,
478 error   code: 'EACCES',
478 error   syscall: 'access',
478 error   path: '/usr/local/lib/node_modules' }
479 error Please try running this command again as root/Administrator.
480 verbose exit [ -13, true ]
